[debug] [2023-09-03T10:18:52.702Z] ----------------------------------------------------------------------
[debug] [2023-09-03T10:18:52.705Z] Command:       C:\Program Files\nodejs\node.exe C:\Users\Lucas\AppData\Roaming\npm\node_modules\firebase-tools\lib\bin\firebase.js init
[debug] [2023-09-03T10:18:52.706Z] CLI Version:   12.5.2
[debug] [2023-09-03T10:18:52.706Z] Platform:      win32
[debug] [2023-09-03T10:18:52.707Z] Node Version:  v18.16.0
[debug] [2023-09-03T10:18:52.708Z] Time:          Sun Sep 03 2023 12:18:52 GMT+0200 (hora de verano de Europa central)
[debug] [2023-09-03T10:18:52.708Z] ----------------------------------------------------------------------
[debug] 
[debug] [2023-09-03T10:18:52.808Z] > command requires scopes: ["email","openid","https://www.googleapis.com/auth/cloudplatformprojects.readonly","https://www.googleapis.com/auth/firebase","https://www.googleapis.com/auth/cloud-platform"]
[debug] [2023-09-03T10:18:52.809Z] > authorizing via signed-in user (lmbaldoni@gmail.com)
[info] 
     ######## #### ########  ######## ########     ###     ######  ########
     ##        ##  ##     ## ##       ##     ##  ##   ##  ##       ##
     ######    ##  ########  ######   ########  #########  ######  ######
     ##        ##  ##    ##  ##       ##     ## ##     ##       ## ##
     ##       #### ##     ## ######## ########  ##     ##  ######  ########

You're about to initialize a Firebase project in this directory:

  C:\Users\Lucas\Documents\GitHub\finanzas

Before we get started, keep in mind:

  * You are initializing within an existing Firebase project directory

